<?xml version="1.0" encoding="UTF-8"?>
<!-- Generated by org.testng.reporters.JUnitXMLReporter -->
<testsuite ignored="0" hostname="RAVI" failures="0" tests="2" name="Test1" time="64.489" errors="0" timestamp="2020-12-08T22:30:24 IST">
  <testcase classname="End_to_End.Section_29.Credentials" name="HomePage" time="0.0">
    <skipped/>
  </testcase> <!-- HomePage -->
  <testcase classname="End_to_End.Section_29.Credentials" name="HomePage" time="0.0">
    <skipped/>
  </testcase> <!-- HomePage -->
</testsuite> <!-- Test1 -->
