<?xml version="1.0" encoding="UTF-8"?>
<!-- Generated by org.testng.reporters.JUnitXMLReporter -->
<testsuite ignored="0" hostname="RAVI" failures="1" tests="3" name="Test1" time="44.103" errors="0" timestamp="2020-11-25T16:30:56 IST">
  <testcase classname="End_to_End.Section_29.validate_Title" name="Validation" time="20.49">
    <failure type="java.lang.AssertionError" message="expected [FEATURED123 COURSES] but found [FEATURED COURSES]">
      <![CDATA[java.lang.AssertionError: expected [FEATURED123 COURSES] but found [FEATURED COURSES]
at End_to_End.Section_29.validate_Title.Validation(validate_Title.java:32)
at java.base/java.util.ArrayList.forEach(ArrayList.java:1511)
at java.base/java.util.concurrent.FutureTask.run(FutureTask.java:264)
at java.base/java.util.concurrent.ThreadPoolExecutor.runWorker(ThreadPoolExecutor.java:1130)
at java.base/java.util.concurrent.ThreadPoolExecutor$Worker.run(ThreadPoolExecutor.java:630)
at java.base/java.lang.Thread.run(Thread.java:832)
... Removed 23 stack frames]]>
    </failure>
  </testcase> <!-- Validation -->
  <testcase classname="End_to_End.Section_29.Credentials" name="HomePage" time="28.033"/>
  <testcase classname="End_to_End.Section_29.Credentials" name="HomePage" time="3.628"/>
</testsuite> <!-- Test1 -->
