<?xml version="1.0" encoding="UTF-8"?>
<testsuite xmlns:xsi="http://www.w3.org/2001/XMLSchema-instance" xsi:noNamespaceSchemaLocation="https://maven.apache.org/surefire/maven-surefire-plugin/xsd/surefire-test-report.xsd" name="TestSuite" time="46.31" tests="4" errors="0" skipped="0" failures="1">
  <properties>
[...]
</properties>
  <testcase name="ValidateHomeButton" classname="End_to_End.Section_29.validate_HomeButton" time="20.182"/>
  <testcase name="Validation" classname="End_to_End.Section_29.validate_Title" time="25.637">
    <failure message="expected [FEATURED123 COURSES] but found [FEATURED COURSES]" type="java.lang.AssertionError">java.lang.AssertionError: expected [FEATURED123 COURSES] but found [FEATURED COURSES]
	at End_to_End.Section_29.validate_Title.Validation(validate_Title.java:32)
</failure>
  </testcase>
  <testcase name="HomePage" classname="End_to_End.Section_29.Credentials" time="28.038"/>
  <testcase name="HomePage" classname="End_to_End.Section_29.Credentials" time="3.628"/>
</testsuite>