<?xml version="1.0" encoding="UTF-8"?>
<testng-results ignored="0" total="3" passed="3" failed="0" skipped="0">
  <reporter-output>
  </reporter-output>
  <suite started-at="2020-11-25T16:30:12 IST" name="Suite" finished-at="2020-11-25T16:30:56 IST" duration-ms="44103">
    <groups>
    </groups>
    <test started-at="2020-11-25T16:30:12 IST" name="Test3" finished-at="2020-11-25T16:30:47 IST" duration-ms="34941">
      <class name="End_to_End.Section_29.validate_HomeButton">
        <test-method is-config="true" signature="Initialize()[pri:0, instance:End_to_End.Section_29.validate_HomeButton@c35172e]" started-at="2020-11-25T16:30:12 IST" name="Initialize" finished-at="2020-11-25T16:30:24 IST" duration-ms="11820" status="PASS">
          <reporter-output>
          </reporter-output>
        </test-method> <!-- Initialize -->
        <test-method signature="ValidateHomeButton()[pri:0, instance:End_to_End.Section_29.validate_HomeButton@c35172e]" started-at="2020-11-25T16:30:24 IST" name="ValidateHomeButton" finished-at="2020-11-25T16:30:44 IST" duration-ms="20575" status="PASS">
          <reporter-output>
          </reporter-output>
        </test-method> <!-- ValidateHomeButton -->
        <test-method is-config="true" signature="terminate()[pri:0, instance:End_to_End.Section_29.validate_HomeButton@c35172e]" started-at="2020-11-25T16:30:44 IST" name="terminate" finished-at="2020-11-25T16:30:47 IST" duration-ms="2478" status="PASS">
          <reporter-output>
          </reporter-output>
        </test-method> <!-- terminate -->
      </class> <!-- End_to_End.Section_29.validate_HomeButton -->
    </test> <!-- Test3 -->
    <test started-at="2020-11-25T16:30:12 IST" name="Test1" finished-at="2020-11-25T16:30:56 IST" duration-ms="44103">
      <class name="End_to_End.Section_29.Credentials">
        <test-method is-config="true" signature="initialization()[pri:0, instance:End_to_End.Section_29.Credentials@4c550889]" started-at="2020-11-25T16:30:12 IST" name="initialization" finished-at="2020-11-25T16:30:24 IST" duration-ms="12265" status="PASS">
          <reporter-output>
          </reporter-output>
        </test-method> <!-- initialization -->
        <test-method signature="HomePage(java.lang.String, java.lang.String, java.lang.String)[pri:0, instance:End_to_End.Section_29.Credentials@4c550889]" started-at="2020-11-25T16:30:24 IST" name="HomePage" data-provider="getData" finished-at="2020-11-25T16:30:52 IST" duration-ms="28033" status="PASS">
          <params>
            <param index="0">
              <value>
                <![CDATA[Restricted_User@Gmail.com]]>
              </value>
            </param>
            <param index="1">
              <value>
                <![CDATA[123456]]>
              </value>
            </param>
            <param index="2">
              <value>
                <![CDATA[Restricted User]]>
              </value>
            </param>
          </params>
          <reporter-output>
          </reporter-output>
        </test-method> <!-- HomePage -->
        <test-method signature="HomePage(java.lang.String, java.lang.String, java.lang.String)[pri:0, instance:End_to_End.Section_29.Credentials@4c550889]" started-at="2020-11-25T16:30:52 IST" name="HomePage" data-provider="getData" finished-at="2020-11-25T16:30:56 IST" duration-ms="3628" status="PASS">
          <params>
            <param index="0">
              <value>
                <![CDATA[Unrestricted User]]>
              </value>
            </param>
            <param index="1">
              <value>
                <![CDATA[789101112]]>
              </value>
            </param>
            <param index="2">
              <value>
                <![CDATA[Unrestricted User]]>
              </value>
            </param>
          </params>
          <reporter-output>
          </reporter-output>
        </test-method> <!-- HomePage -->
        <test-method is-config="true" signature="terminate()[pri:0, instance:End_to_End.Section_29.Credentials@4c550889]" started-at="2020-11-25T16:30:56 IST" name="terminate" finished-at="2020-11-25T16:30:56 IST" duration-ms="156" status="PASS">
          <reporter-output>
          </reporter-output>
        </test-method> <!-- terminate -->
      </class> <!-- End_to_End.Section_29.Credentials -->
    </test> <!-- Test1 -->
  </suite> <!-- Suite -->
</testng-results>
