-------------------------------------------------------------------------------
Test set: TestSuite
-------------------------------------------------------------------------------
Tests run: 4, Failures: 1, Errors: 0, Skipped: 0, Time elapsed: 46.31 s <<< FAILURE! - in TestSuite
Validation(End_to_End.Section_29.validate_Title)  Time elapsed: 25.637 s  <<< FAILURE!
java.lang.AssertionError: expected [FEATURED123 COURSES] but found [FEATURED COURSES]
	at End_to_End.Section_29.validate_Title.Validation(validate_Title.java:32)

